#
# A fatal error has been detected by the Java Runtime Environment:
#
#  Internal Error (classFileParser.cpp:3375), pid=6028, tid=5388
#  Error: ShouldNotReachHere()
#
# JRE version: 6.0_24-b07
# Java VM: Java HotSpot(TM) 64-Bit Server VM (19.1-b02 mixed mode windows-amd64 compressed oops)
# If you would like to submit a bug report, please visit:
#   http://java.sun.com/webapps/bugreport/crash.jsp
#

---------------  T H R E A D  ---------------

Current thread (0x00000000002fc000):  JavaThread "Unknown thread" [_thread_in_vm, id=5388, stack(0x0000000002430000,0x0000000002530000)]

Stack: [0x0000000002430000,0x0000000002530000]
[error occurred during error reporting (printing stack bounds), id 0xc0000005]


---------------  P R O C E S S  ---------------

Java Threads: ( => current thread )

Other Threads:

=>0x00000000002fc000 (exited) JavaThread "Unknown thread" [_thread_in_vm, id=5388, stack(0x0000000002430000,0x0000000002530000)]

VM state:not at safepoint (not fully initialized)

VM Mutex/Monitor currently owned by a thread: None

Dynamic libraries:
0x0000000000400000 - 0x000000000042e000 	C:\Program Files\Java\jre6\bin\javaw.exe
0x00000000771d0000 - 0x0000000077356000 	C:\Windows\system32\ntdll.dll
0x0000000076d40000 - 0x0000000076e6d000 	C:\Windows\system32\kernel32.dll
0x000007fefddb0000 - 0x000007fefdeb8000 	C:\Windows\system32\ADVAPI32.dll
0x000007fefdf30000 - 0x000007fefe073000 	C:\Windows\system32\RPCRT4.dll
0x0000000076b10000 - 0x0000000076bdd000 	C:\Windows\system32\USER32.dll
0x000007fefdec0000 - 0x000007fefdf24000 	C:\Windows\system32\GDI32.dll
0x000007feff1d0000 - 0x000007feff1fd000 	C:\Windows\system32\IMM32.DLL
0x000007fefdc00000 - 0x000007fefdd02000 	C:\Windows\system32\MSCTF.dll
0x000007feff3e0000 - 0x000007feff47c000 	C:\Windows\system32\msvcrt.dll
0x000007feff4e0000 - 0x000007feff4ed000 	C:\Windows\system32\LPK.DLL
0x000007fefdd10000 - 0x000007fefddaa000 	C:\Windows\system32\USP10.dll
0x000000006d7f0000 - 0x000000006def4000 	C:\Program Files\Java\jre6\bin\server\jvm.dll
0x000007fefc7a0000 - 0x000007fefc7d9000 	C:\Windows\system32\WINMM.dll
0x000007fefedb0000 - 0x000007fefef88000 	C:\Windows\system32\ole32.dll
0x000007fefef90000 - 0x000007feff063000 	C:\Windows\system32\OLEAUT32.dll
0x000007fefc740000 - 0x000007fefc795000 	C:\Windows\system32\OLEACC.dll
0x000000006d760000 - 0x000000006d76e000 	C:\Program Files\Java\jre6\bin\verify.dll
0x000000006d3b0000 - 0x000000006d3d7000 	C:\Program Files\Java\jre6\bin\java.dll
0x000000006d310000 - 0x000000006d31a000 	C:\Program Files\Java\jre6\bin\hpi.dll
0x0000000077370000 - 0x0000000077379000 	C:\Windows\system32\PSAPI.DLL
0x000000006d7b0000 - 0x000000006d7c2000 	C:\Program Files\Java\jre6\bin\zip.dll

VM Arguments:
jvm_args: -Dfile.encoding=Cp1252 -Xbootclasspath:C:\Program Files (x86)\Android\android-sdk\platforms\android-4\android.jar 
java_command: org.eclipse.jdt.internal.junit.runner.RemoteTestRunner -version 3 -port 51160 -testLoaderClass org.eclipse.jdt.internal.junit.runner.junit3.JUnit3TestLoader -loaderpluginname org.eclipse.jdt.junit.runtime -classNames com.byronkatz.MortgagePaymentTest
Launcher Type: SUN_STANDARD

Environment Variables:
JAVA_HOME=C:\Program Files\Java\jdk1.6.0_24
CLASSPATH=.;C:\Program Files (x86)\Java\jre6\lib\ext\QTJava.zip;C:\Users\byron\java_code_analysis_tools\javancss-32.53\javancss-32.53\lib\javancss.jar;C:\Users\byron\java_code_analysis_tools\javancss-32.53\javancss-32.53\lib\ccl.jar;C:\Users\byron\java_code_analysis_tools\javancss-32.53\javancss-32.53\lib\jhbasic.jar;C:\Users\byron\java_code_analysis_tools\javancss-32.53\javancss-32.53\lib\javacc.jar
PATH=C:\Program Files\Common Files\Microsoft Shared\Windows Live;C:\Program Files (x86)\Common Files\Microsoft Shared\Windows Live;C:\Windows\system32;C:\Windows;C:\Windows\System32\Wbem;C:\Program Files\TortoiseSVN\bin;C:\Program Files (x86)\QuickTime\QTSystem\;C:\Program Files\Java\jdk1.6.0_24\bin;C:\Program Files (x86)\apache-ant-1.7.0\bin;C:\Program Files\LuxRender;C:\Program Files (x86)\EditPlus 3;C:\Program Files (x86)\Common Files\Intuit\QBPOSSDKRuntime;C:\strawberry\c\bin;C:\strawberry\perl\site\bin;C:\Program Files (x86)\Vim\vim73;C:\strawberry\perl\bin;C:\Windows\System32\WindowsPowerShell\v1.0\;C:\Program Files (x86)\Windows Live\Shared;C:\Users\byron\java_code_analysis_tools\cobertura-1.9.4.1-bin\cobertura-1.9.4.1;C:\Users\byron\java_code_analysis_tools\pmd-bin-4.2.5\pmd-4.2.5\bin;C:\Users\byron\java_code_analysis_tools\javancss-32.53\javancss-32.53\bin;C:\Users\byron\java_code_analysis_tools\checkstyle-5.4-bin\checkstyle-5.4;C:\Program Files (x86)\doxygen\bin;C:\Program Files\SciTools/bin/pc-win64;C:\Users\byron\apache-maven-2.2.1\bin
USERNAME=byron
OS=Windows_NT
PROCESSOR_IDENTIFIER=Intel64 Family 6 Model 23 Stepping 10, GenuineIntel



---------------  S Y S T E M  ---------------

OS: Windows Vista Build 6002 Service Pack 2

CPU:total 2 (2 cores per cpu, 1 threads per core) family 6 model 23 stepping 10, cmov, cx8, fxsr, mmx, sse, sse2, sse3, ssse3

Memory: 4k page, physical 3109160k(839532k free), swap 6435684k(3347992k free)

vm_info: Java HotSpot(TM) 64-Bit Server VM (19.1-b02) for windows-amd64 JRE (1.6.0_24-b07), built on Feb  2 2011 16:25:45 by "java_re" with MS VC++ 8.0 (VS2005)

time: Mon Oct 24 22:13:07 2011
elapsed time: 0 seconds

